<?xml version="1.0" encoding="UTF-8"?>
<!-- Generated by org.testng.reporters.JUnitXMLReporter -->
<testsuite ignored="0" hostname="DESKTOP-OTOSE76" failures="0" tests="3" name="Default test" time="0.203" errors="0" timestamp="2023-10-19T20:38:14 CEST">
  <testcase classname="amazonTestCasesPack.TestClassComman" name="@BeforeTest launchBrowser" time="-1.697740693909E9">
    <failure type="org.testng.TestNGException" message="
Parameter &amp;apos;browser&amp;apos; is required by BeforeTest on method launchBrowser but has not been marked @Optional or defined
in C:\Users\Admin\AppData\Local\Temp\testng-eclipse--953923558\testng-customsuite.xml">
      <![CDATA[org.testng.TestNGException: 
Parameter 'browser' is required by BeforeTest on method launchBrowser but has not been marked @Optional or defined
in C:\Users\Admin\AppData\Local\Temp\testng-eclipse--953923558\testng-customsuite.xml
at org.testng.internal.Parameters.createParams(Parameters.java:267)
at org.testng.internal.Parameters.createParametersForMethod(Parameters.java:355)
at org.testng.internal.Parameters.createParameters(Parameters.java:684)
at org.testng.internal.Parameters.createConfigurationParameters(Parameters.java:166)
at org.testng.internal.invokers.ConfigInvoker.invokeConfigurations(ConfigInvoker.java:306)
at org.testng.TestRunner.invokeTestConfigurations(TestRunner.java:663)
at org.testng.TestRunner.beforeRun(TestRunner.java:652)
at org.testng.TestRunner.run(TestRunner.java:614)
at org.testng.SuiteRunner.runTest(SuiteRunner.java:443)
at org.testng.SuiteRunner.runSequentially(SuiteRunner.java:437)
at org.testng.SuiteRunner.privateRun(SuiteRunner.java:397)
at org.testng.SuiteRunner.run(SuiteRunner.java:336)
at org.testng.SuiteRunnerWorker.runSuite(SuiteRunnerWorker.java:52)
at org.testng.SuiteRunnerWorker.run(SuiteRunnerWorker.java:95)
at org.testng.TestNG.runSuitesSequentially(TestNG.java:1280)
at org.testng.TestNG.runSuitesLocally(TestNG.java:1200)
at org.testng.TestNG.runSuites(TestNG.java:1114)
at org.testng.TestNG.run(TestNG.java:1082)
at org.testng.remote.AbstractRemoteTestNG.run(AbstractRemoteTestNG.java:115)
at org.testng.remote.RemoteTestNG.initAndRun(RemoteTestNG.java:251)
at org.testng.remote.RemoteTestNG.main(RemoteTestNG.java:77)
]]>
    </failure>
  </testcase> <!-- @BeforeTest launchBrowser -->
  <testcase classname="amazonTestCasesPack.TestClassComman" name="@BeforeClass creatingPOMObject" time="0.0">
    <skipped/>
  </testcase> <!-- @BeforeClass creatingPOMObject -->
  <testcase classname="amazonTestCasesPack.TestClassComman" name="@BeforeMethod openhomepage" time="0.0">
    <skipped/>
  </testcase> <!-- @BeforeMethod openhomepage -->
  <testcase classname="amazonTestCasesPack.TestClassComman" name="@AfterMethod toVerifyLogoutPage" time="0.0">
    <skipped/>
  </testcase> <!-- @AfterMethod toVerifyLogoutPage -->
  <testcase classname="amazonTestCasesPack.TestClassComman" name="@BeforeMethod openhomepage" time="0.0">
    <skipped/>
  </testcase> <!-- @BeforeMethod openhomepage -->
  <testcase classname="amazonTestCasesPack.TestClassComman" name="@AfterMethod toVerifyLogoutPage" time="0.0">
    <skipped/>
  </testcase> <!-- @AfterMethod toVerifyLogoutPage -->
  <testcase classname="amazonTestCasesPack.TestClassComman" name="@BeforeMethod openhomepage" time="0.0">
    <skipped/>
  </testcase> <!-- @BeforeMethod openhomepage -->
  <testcase classname="amazonTestCasesPack.TestClassComman" name="@AfterMethod toVerifyLogoutPage" time="0.0">
    <skipped/>
  </testcase> <!-- @AfterMethod toVerifyLogoutPage -->
  <testcase classname="amazonTestCasesPack.TestClassComman" name="@AfterClass clearObject" time="0.0">
    <skipped/>
  </testcase> <!-- @AfterClass clearObject -->
  <testcase classname="amazonTestCasesPack.TestClassComman" name="@AfterTest closeBrowser" time="0.0">
    <skipped/>
  </testcase> <!-- @AfterTest closeBrowser -->
  <testcase classname="amazonTestCasesPack.TestClassComman" name="toVerifyAddToCardTabOnHeader" time="0.001">
    <skipped/>
  </testcase> <!-- toVerifyAddToCardTabOnHeader -->
  <testcase classname="amazonTestCasesPack.TestClassComman" name="toVerifyAddtoCardProductonHomePage" time="0.0">
    <skipped/>
  </testcase> <!-- toVerifyAddtoCardProductonHomePage -->
  <testcase classname="amazonTestCasesPack.TestClassComman" name="toVerifySearchTabOnHeader" time="0.001">
    <skipped/>
  </testcase> <!-- toVerifySearchTabOnHeader -->
</testsuite> <!-- Default test -->
