<?xml version="1.0" encoding="UTF-8"?>
<!-- Generated by org.testng.reporters.JUnitXMLReporter -->
<testsuite ignored="0" hostname="DESKTOP-OTOSE76" failures="0" tests="4" name="FirefoxTest" time="102.021" errors="0" timestamp="2023-10-20T10:20:24 CEST">
  <testcase classname="amazonTestCasesPack.TestClassComman" name="toVerifyAddToCardTabOnHeader" time="8.933"/>
  <testcase classname="amazonTestCasesPack.TestClassComman" name="toVerifyAddtoCardProductonHomePage" time="0.0">
    <skipped/>
  </testcase> <!-- toVerifyAddtoCardProductonHomePage -->
  <testcase classname="amazonTestCasesPack.TestClassComman" name="toVerifySearchTabOnHeader" time="0.0">
    <skipped/>
  </testcase> <!-- toVerifySearchTabOnHeader -->
  <testcase classname="amazonTestCasesPack.TestClassOfYourOrder" name="toVerifyAddToCardTabOnHeader" time="38.74"/>
</testsuite> <!-- FirefoxTest -->
